[24-Oct-2023 22:17:06 UTC] PHP Warning:  Attempt to read property "title" on null in /Users/Arends/Local Sites/aesthetic-dentistry/app/public/wp-includes/class-wp-customize-widgets.php on line 905
[25-Oct-2023 21:18:55 UTC] PHP Parse error:  syntax error, unexpected token "}" in /Users/Arends/Local Sites/aesthetic-dentistry/app/public/wp-content/themes/aesthetic-dentistry/functions.php on line 19
[25-Oct-2023 21:18:55 UTC] PHP Warning:  Trying to access array offset on value of type bool in /Users/Arends/Local Sites/aesthetic-dentistry/app/public/wp-includes/class-wp-recovery-mode-email-service.php on line 367
[25-Oct-2023 21:18:55 UTC] PHP Warning:  Trying to access array offset on value of type bool in /Users/Arends/Local Sites/aesthetic-dentistry/app/public/wp-includes/class-wp-recovery-mode-email-service.php on line 368
[25-Oct-2023 21:20:56 UTC] PHP Parse error:  Unclosed '{' on line 3 in /Users/Arends/Local Sites/aesthetic-dentistry/app/public/wp-content/themes/aesthetic-dentistry/functions.php on line 34
[25-Oct-2023 21:22:03 UTC] PHP Parse error:  Unclosed '{' on line 3 in /Users/Arends/Local Sites/aesthetic-dentistry/app/public/wp-content/themes/aesthetic-dentistry/functions.php on line 34
[25-Oct-2023 21:22:03 UTC] PHP Parse error:  Unclosed '{' on line 3 in /Users/Arends/Local Sites/aesthetic-dentistry/app/public/wp-content/themes/aesthetic-dentistry/functions.php on line 34
[25-Oct-2023 23:24:50 UTC] PHP Warning:  Attempt to read property "title" on null in /Users/Arends/Local Sites/aesthetic-dentistry/app/public/wp-includes/class-wp-customize-widgets.php on line 905
[25-Oct-2023 23:27:51 UTC] PHP Warning:  Attempt to read property "title" on null in /Users/Arends/Local Sites/aesthetic-dentistry/app/public/wp-includes/class-wp-customize-widgets.php on line 905
[26-Oct-2023 22:57:47 UTC] PHP Warning:  Attempt to read property "title" on null in /Users/Arends/Local Sites/aesthetic-dentistry/app/public/wp-includes/class-wp-customize-widgets.php on line 905
[26-Oct-2023 23:12:22 UTC] PHP Parse error:  syntax error, unexpected token "<", expecting end of file in /Users/Arends/Local Sites/aesthetic-dentistry/app/public/wp-content/themes/aesthetic-dentistry/page-about.php on line 7
[26-Oct-2023 23:19:46 UTC] PHP Warning:  Attempt to read property "title" on null in /Users/Arends/Local Sites/aesthetic-dentistry/app/public/wp-includes/class-wp-customize-widgets.php on line 905
[27-Oct-2023 00:26:45 UTC] PHP Parse error:  syntax error, unexpected token ";" in /Users/Arends/Local Sites/aesthetic-dentistry/app/public/wp-content/themes/aesthetic-dentistry/page-about.php on line 15
[27-Oct-2023 00:32:27 UTC] PHP Warning:  Undefined variable $count in /Users/Arends/Local Sites/aesthetic-dentistry/app/public/wp-content/themes/aesthetic-dentistry/page-about.php on line 22
[27-Oct-2023 00:33:06 UTC] PHP Warning:  Undefined variable $count in /Users/Arends/Local Sites/aesthetic-dentistry/app/public/wp-content/themes/aesthetic-dentistry/page-about.php on line 22
[27-Oct-2023 00:33:08 UTC] PHP Warning:  Undefined variable $count in /Users/Arends/Local Sites/aesthetic-dentistry/app/public/wp-content/themes/aesthetic-dentistry/page-about.php on line 22
[03-Nov-2023 16:05:05 UTC] PHP Warning:  An unexpected error occurred. Something may be wrong with WordPress.org or this server&#8217;s configuration. If you continue to have problems, please try the <a href="https://wordpress.org/support/forums/">support forums</a>. (WordPress could not establish a secure connection to WordPress.org. Please contact your server administrator.) in /Users/Arends/Local Sites/aesthetic-dentistry/app/public/wp-includes/update.php on line 449
[03-Nov-2023 16:05:05 UTC] PHP Warning:  An unexpected error occurred. Something may be wrong with WordPress.org or this server&#8217;s configuration. If you continue to have problems, please try the <a href="https://wordpress.org/support/forums/">support forums</a>. (WordPress could not establish a secure connection to WordPress.org. Please contact your server administrator.) in /Users/Arends/Local Sites/aesthetic-dentistry/app/public/wp-includes/update.php on line 730
[07-Nov-2023 03:41:30 UTC] PHP Warning:  Attempt to read property "title" on null in /Users/Arends/Local Sites/aesthetic-dentistry/app/public/wp-includes/class-wp-customize-widgets.php on line 905
[07-Nov-2023 03:46:05 UTC] PHP Warning:  Attempt to read property "title" on null in /Users/Arends/Local Sites/aesthetic-dentistry/app/public/wp-includes/class-wp-customize-widgets.php on line 905
