[24-Oct-2023 14:04:38] NOTICE: fpm is running, pid 54747
[24-Oct-2023 14:04:38] NOTICE: ready to handle connections
[24-Oct-2023 15:20:20] NOTICE: Terminating ...
[24-Oct-2023 15:20:20] NOTICE: Terminating ...
[24-Oct-2023 15:20:20] NOTICE: exiting, bye-bye!
[25-Oct-2023 14:01:44] NOTICE: fpm is running, pid 60378
[25-Oct-2023 14:01:44] NOTICE: ready to handle connections
[25-Oct-2023 16:45:05] NOTICE: Terminating ...
[25-Oct-2023 16:45:05] NOTICE: Terminating ...
[25-Oct-2023 16:45:05] NOTICE: exiting, bye-bye!
[26-Oct-2023 15:10:13] NOTICE: fpm is running, pid 58517
[26-Oct-2023 15:10:13] NOTICE: ready to handle connections
[26-Oct-2023 18:00:57] NOTICE: Terminating ...
[26-Oct-2023 18:00:57] NOTICE: Terminating ...
[26-Oct-2023 18:00:57] NOTICE: exiting, bye-bye!
[02-Nov-2023 10:59:40] NOTICE: fpm is running, pid 75631
[02-Nov-2023 10:59:40] NOTICE: ready to handle connections
[02-Nov-2023 12:24:38] NOTICE: Terminating ...
[02-Nov-2023 12:24:38] NOTICE: Terminating ...
[02-Nov-2023 12:24:38] NOTICE: exiting, bye-bye!
[02-Nov-2023 17:28:04] NOTICE: fpm is running, pid 43813
[02-Nov-2023 17:28:04] NOTICE: ready to handle connections
[02-Nov-2023 18:06:56] NOTICE: Terminating ...
[02-Nov-2023 18:06:56] NOTICE: Terminating ...
[02-Nov-2023 18:06:56] NOTICE: exiting, bye-bye!
[03-Nov-2023 09:04:59] NOTICE: fpm is running, pid 52097
[03-Nov-2023 09:04:59] NOTICE: ready to handle connections
[03-Nov-2023 11:12:15] NOTICE: Terminating ...
[03-Nov-2023 11:12:15] NOTICE: Terminating ...
[03-Nov-2023 11:12:15] NOTICE: exiting, bye-bye!
[06-Nov-2023 13:43:56] NOTICE: fpm is running, pid 21419
[06-Nov-2023 13:43:56] NOTICE: ready to handle connections
[06-Nov-2023 17:50:46] NOTICE: Terminating ...
[06-Nov-2023 17:50:46] NOTICE: Terminating ...
[06-Nov-2023 17:50:46] NOTICE: exiting, bye-bye!
[06-Nov-2023 17:50:54] NOTICE: fpm is running, pid 60947
[06-Nov-2023 17:50:54] NOTICE: ready to handle connections
[06-Nov-2023 19:10:52] NOTICE: Terminating ...
[06-Nov-2023 19:10:52] NOTICE: Terminating ...
[06-Nov-2023 19:10:52] NOTICE: exiting, bye-bye!
[06-Nov-2023 19:40:09] NOTICE: fpm is running, pid 78651
[06-Nov-2023 19:40:09] NOTICE: ready to handle connections
[06-Nov-2023 21:27:44] NOTICE: Terminating ...
[06-Nov-2023 21:27:44] NOTICE: Terminating ...
[06-Nov-2023 21:27:44] NOTICE: exiting, bye-bye!
[07-Nov-2023 15:04:38] NOTICE: fpm is running, pid 47717
[07-Nov-2023 15:04:38] NOTICE: ready to handle connections
[07-Nov-2023 16:36:20] NOTICE: Terminating ...
[07-Nov-2023 16:36:20] NOTICE: Terminating ...
[07-Nov-2023 16:36:20] NOTICE: exiting, bye-bye!
[07-Nov-2023 17:40:21] NOTICE: fpm is running, pid 70177
[07-Nov-2023 17:40:21] NOTICE: ready to handle connections
[07-Nov-2023 17:48:39] NOTICE: Terminating ...
[07-Nov-2023 17:48:39] NOTICE: Terminating ...
[07-Nov-2023 17:48:39] NOTICE: exiting, bye-bye!
[07-Nov-2023 17:50:36] NOTICE: fpm is running, pid 71881
[07-Nov-2023 17:50:36] NOTICE: ready to handle connections
[08-Nov-2023 07:54:54] NOTICE: Terminating ...
[08-Nov-2023 07:54:54] NOTICE: Terminating ...
[08-Nov-2023 07:54:54] NOTICE: exiting, bye-bye!
[14-Nov-2023 14:08:16] NOTICE: fpm is running, pid 68526
[14-Nov-2023 14:08:16] NOTICE: ready to handle connections
[14-Nov-2023 15:27:07] NOTICE: Terminating ...
[14-Nov-2023 15:27:07] NOTICE: Terminating ...
[14-Nov-2023 15:27:07] NOTICE: exiting, bye-bye!
[15-Nov-2023 15:26:32] NOTICE: fpm is running, pid 30876
[15-Nov-2023 15:26:32] NOTICE: ready to handle connections
[15-Nov-2023 17:24:22] NOTICE: Terminating ...
[15-Nov-2023 17:24:22] NOTICE: Terminating ...
[15-Nov-2023 17:24:22] NOTICE: exiting, bye-bye!
[15-Nov-2023 17:24:33] NOTICE: fpm is running, pid 50129
[15-Nov-2023 17:24:33] NOTICE: ready to handle connections
[15-Nov-2023 20:29:18] NOTICE: Terminating ...
[15-Nov-2023 20:29:18] NOTICE: Terminating ...
[15-Nov-2023 20:29:18] NOTICE: exiting, bye-bye!
[16-Nov-2023 08:39:21] NOTICE: fpm is running, pid 82269
[16-Nov-2023 08:39:21] NOTICE: ready to handle connections
[16-Nov-2023 09:02:19] NOTICE: Terminating ...
[16-Nov-2023 09:02:19] NOTICE: Terminating ...
[16-Nov-2023 09:02:19] NOTICE: exiting, bye-bye!
[16-Nov-2023 13:58:33] NOTICE: fpm is running, pid 7794
[16-Nov-2023 13:58:33] NOTICE: ready to handle connections
[16-Nov-2023 14:39:05] NOTICE: Terminating ...
[16-Nov-2023 14:39:05] NOTICE: Terminating ...
[16-Nov-2023 14:39:05] NOTICE: exiting, bye-bye!
[16-Nov-2023 16:25:19] NOTICE: fpm is running, pid 13219
[16-Nov-2023 16:25:19] NOTICE: ready to handle connections
[16-Nov-2023 17:22:13] NOTICE: Terminating ...
[16-Nov-2023 17:22:13] NOTICE: Terminating ...
[16-Nov-2023 17:22:13] NOTICE: exiting, bye-bye!
[16-Nov-2023 18:07:44] NOTICE: fpm is running, pid 26752
[16-Nov-2023 18:07:44] NOTICE: ready to handle connections
[16-Nov-2023 18:23:49] NOTICE: Terminating ...
[16-Nov-2023 18:23:49] NOTICE: Terminating ...
[16-Nov-2023 18:23:49] NOTICE: exiting, bye-bye!
[27-Nov-2023 12:18:42] NOTICE: fpm is running, pid 42308
[27-Nov-2023 12:18:42] NOTICE: ready to handle connections
[27-Nov-2023 19:59:03] NOTICE: Terminating ...
[27-Nov-2023 19:59:03] NOTICE: Terminating ...
[27-Nov-2023 19:59:03] NOTICE: exiting, bye-bye!
[28-Nov-2023 15:36:07] NOTICE: fpm is running, pid 76594
[28-Nov-2023 15:36:07] NOTICE: ready to handle connections
[28-Nov-2023 16:32:46] NOTICE: Terminating ...
[28-Nov-2023 16:32:46] NOTICE: Terminating ...
[28-Nov-2023 16:32:46] NOTICE: exiting, bye-bye!
[28-Nov-2023 16:44:59] NOTICE: fpm is running, pid 87655
[28-Nov-2023 16:44:59] NOTICE: ready to handle connections
[28-Nov-2023 18:10:29] NOTICE: Terminating ...
[28-Nov-2023 18:10:29] NOTICE: Terminating ...
[28-Nov-2023 18:10:29] NOTICE: exiting, bye-bye!
[29-Nov-2023 17:27:55] NOTICE: fpm is running, pid 42949
[29-Nov-2023 17:27:55] NOTICE: ready to handle connections
[29-Nov-2023 17:37:13] NOTICE: Terminating ...
[29-Nov-2023 17:37:13] NOTICE: Terminating ...
[29-Nov-2023 17:37:13] NOTICE: exiting, bye-bye!
[29-Nov-2023 19:12:31] NOTICE: fpm is running, pid 59702
[29-Nov-2023 19:12:31] NOTICE: ready to handle connections
[29-Nov-2023 20:12:12] NOTICE: Terminating ...
[29-Nov-2023 20:12:12] NOTICE: Terminating ...
[29-Nov-2023 20:12:12] NOTICE: exiting, bye-bye!
[29-Nov-2023 20:22:26] NOTICE: fpm is running, pid 71059
[29-Nov-2023 20:22:26] NOTICE: ready to handle connections
[29-Nov-2023 20:44:30] NOTICE: Terminating ...
[29-Nov-2023 20:44:30] NOTICE: Terminating ...
[29-Nov-2023 20:44:30] NOTICE: exiting, bye-bye!
